<?xml version="1.0" encoding="UTF-8"?>
<!-- Generated by org.testng.reporters.JUnitXMLReporter -->
<testsuite ignored="2" hostname="MacBook-Pro.local" failures="0" tests="8" name="Testcases" time="322.481" errors="0" timestamp="2023-05-16T13:06:17 EDT">
  <testcase classname="com.example.tests.AllListingsTest" name="testTotalLoadedListEqualAllButton" time="33.486"/>
  <testcase classname="com.example.tests.FiltersFormTest" name="testClearAll" time="48.313"/>
  <testcase classname="com.example.tests.FiltersFormTest" name="testPriceCannotBeZero" time="36.379"/>
  <testcase classname="com.example.tests.FiltersFormTest" name="testPriceDisabled" time="35.677"/>
  <testcase classname="com.example.tests.FiltersFormTest" name="testPriceEnabledWhenDatesAreProvided" time="39.873"/>
  <testcase classname="com.example.tests.FiltersFormTest" name="testSelectAllAmenities" time="39.726"/>
  <testcase classname="com.example.tests.FiltersFormTest" name="testSelectingMaxNumberForRoomsAndBeds" time="37.041"/>
  <testcase classname="com.example.tests.FiltersFormTest" name="testSelectingMinNumberForRoomsAndBeds" time="35.8"/>
  <testcase classname="com.example.tests.BaseTest" name="@BeforeSuite initTestSuite" time="0.0">
    <ignored/>
  </testcase> <!-- @BeforeSuite initTestSuite -->
  <testcase classname="com.example.tests.BaseTest" name="@BeforeSuite initTestSuite" time="0.0">
    <ignored/>
  </testcase> <!-- @BeforeSuite initTestSuite -->
</testsuite> <!-- Testcases -->
