<?xml version="1.0" encoding="UTF-8"?>
<testng-results ignored="2" total="10" passed="8" failed="0" skipped="0">
  <reporter-output>
  </reporter-output>
  <suite started-at="2023-05-16T13:00:49 EDT" name="Tests" finished-at="2023-05-16T13:06:12 EDT" duration-ms="322481">
    <groups>
    </groups>
    <test started-at="2023-05-16T13:00:49 EDT" name="Testcases" finished-at="2023-05-16T13:06:12 EDT" duration-ms="322481">
      <class name="com.example.tests.FiltersFormTest">
        <test-method is-config="true" signature="initWebDriver()[pri:0, instance:com.example.tests.FiltersFormTest@3cebbb30]" started-at="2023-05-16T13:01:26 EDT" name="initWebDriver" finished-at="2023-05-16T13:01:27 EDT" duration-ms="1370" status="PASS">
          <reporter-output>
          </reporter-output>
        </test-method> <!-- initWebDriver -->
        <test-method is-config="true" signature="initPageObjects()[pri:0, instance:com.example.tests.FiltersFormTest@3cebbb30]" started-at="2023-05-16T13:01:27 EDT" name="initPageObjects" finished-at="2023-05-16T13:01:27 EDT" duration-ms="9" status="PASS">
          <reporter-output>
          </reporter-output>
        </test-method> <!-- initPageObjects -->
        <test-method signature="testClearAll()[pri:0, instance:com.example.tests.FiltersFormTest@3cebbb30]" started-at="2023-05-16T13:01:27 EDT" name="testClearAll" finished-at="2023-05-16T13:02:16 EDT" duration-ms="48313" status="PASS">
          <reporter-output>
          </reporter-output>
        </test-method> <!-- testClearAll -->
        <test-method is-config="true" signature="tearDown()[pri:0, instance:com.example.tests.FiltersFormTest@3cebbb30]" started-at="2023-05-16T13:02:16 EDT" name="tearDown" finished-at="2023-05-16T13:02:16 EDT" duration-ms="186" status="PASS">
          <reporter-output>
          </reporter-output>
        </test-method> <!-- tearDown -->
        <test-method is-config="true" signature="initWebDriver()[pri:0, instance:com.example.tests.FiltersFormTest@3cebbb30]" started-at="2023-05-16T13:02:16 EDT" name="initWebDriver" finished-at="2023-05-16T13:02:17 EDT" duration-ms="1489" status="PASS">
          <reporter-output>
          </reporter-output>
        </test-method> <!-- initWebDriver -->
        <test-method is-config="true" signature="initPageObjects()[pri:0, instance:com.example.tests.FiltersFormTest@3cebbb30]" started-at="2023-05-16T13:02:17 EDT" name="initPageObjects" finished-at="2023-05-16T13:02:17 EDT" duration-ms="48" status="PASS">
          <reporter-output>
          </reporter-output>
        </test-method> <!-- initPageObjects -->
        <test-method signature="testPriceCannotBeZero()[pri:0, instance:com.example.tests.FiltersFormTest@3cebbb30]" started-at="2023-05-16T13:02:17 EDT" name="testPriceCannotBeZero" finished-at="2023-05-16T13:02:54 EDT" duration-ms="36379" status="PASS">
          <reporter-output>
          </reporter-output>
        </test-method> <!-- testPriceCannotBeZero -->
        <test-method is-config="true" signature="tearDown()[pri:0, instance:com.example.tests.FiltersFormTest@3cebbb30]" started-at="2023-05-16T13:02:54 EDT" name="tearDown" finished-at="2023-05-16T13:02:54 EDT" duration-ms="374" status="PASS">
          <reporter-output>
          </reporter-output>
        </test-method> <!-- tearDown -->
        <test-method is-config="true" signature="initWebDriver()[pri:0, instance:com.example.tests.FiltersFormTest@3cebbb30]" started-at="2023-05-16T13:02:54 EDT" name="initWebDriver" finished-at="2023-05-16T13:02:57 EDT" duration-ms="2462" status="PASS">
          <reporter-output>
          </reporter-output>
        </test-method> <!-- initWebDriver -->
        <test-method is-config="true" signature="initPageObjects()[pri:0, instance:com.example.tests.FiltersFormTest@3cebbb30]" started-at="2023-05-16T13:02:57 EDT" name="initPageObjects" finished-at="2023-05-16T13:02:57 EDT" duration-ms="87" status="PASS">
          <reporter-output>
          </reporter-output>
        </test-method> <!-- initPageObjects -->
        <test-method signature="testPriceDisabled()[pri:0, instance:com.example.tests.FiltersFormTest@3cebbb30]" started-at="2023-05-16T13:02:57 EDT" name="testPriceDisabled" finished-at="2023-05-16T13:03:32 EDT" duration-ms="35677" status="PASS">
          <reporter-output>
          </reporter-output>
        </test-method> <!-- testPriceDisabled -->
        <test-method is-config="true" signature="tearDown()[pri:0, instance:com.example.tests.FiltersFormTest@3cebbb30]" started-at="2023-05-16T13:03:32 EDT" name="tearDown" finished-at="2023-05-16T13:03:33 EDT" duration-ms="180" status="PASS">
          <reporter-output>
          </reporter-output>
        </test-method> <!-- tearDown -->
        <test-method is-config="true" signature="initWebDriver()[pri:0, instance:com.example.tests.FiltersFormTest@3cebbb30]" started-at="2023-05-16T13:03:33 EDT" name="initWebDriver" finished-at="2023-05-16T13:03:34 EDT" duration-ms="1613" status="PASS">
          <reporter-output>
          </reporter-output>
        </test-method> <!-- initWebDriver -->
        <test-method is-config="true" signature="initPageObjects()[pri:0, instance:com.example.tests.FiltersFormTest@3cebbb30]" started-at="2023-05-16T13:03:34 EDT" name="initPageObjects" finished-at="2023-05-16T13:03:34 EDT" duration-ms="19" status="PASS">
          <reporter-output>
          </reporter-output>
        </test-method> <!-- initPageObjects -->
        <test-method signature="testPriceEnabledWhenDatesAreProvided()[pri:0, instance:com.example.tests.FiltersFormTest@3cebbb30]" started-at="2023-05-16T13:03:34 EDT" name="testPriceEnabledWhenDatesAreProvided" finished-at="2023-05-16T13:04:14 EDT" duration-ms="39873" status="PASS">
          <reporter-output>
          </reporter-output>
        </test-method> <!-- testPriceEnabledWhenDatesAreProvided -->
        <test-method is-config="true" signature="tearDown()[pri:0, instance:com.example.tests.FiltersFormTest@3cebbb30]" started-at="2023-05-16T13:04:14 EDT" name="tearDown" finished-at="2023-05-16T13:04:14 EDT" duration-ms="172" status="PASS">
          <reporter-output>
          </reporter-output>
        </test-method> <!-- tearDown -->
        <test-method is-config="true" signature="initWebDriver()[pri:0, instance:com.example.tests.FiltersFormTest@3cebbb30]" started-at="2023-05-16T13:04:14 EDT" name="initWebDriver" finished-at="2023-05-16T13:04:16 EDT" duration-ms="1474" status="PASS">
          <reporter-output>
          </reporter-output>
        </test-method> <!-- initWebDriver -->
        <test-method is-config="true" signature="initPageObjects()[pri:0, instance:com.example.tests.FiltersFormTest@3cebbb30]" started-at="2023-05-16T13:04:16 EDT" name="initPageObjects" finished-at="2023-05-16T13:04:16 EDT" duration-ms="24" status="PASS">
          <reporter-output>
          </reporter-output>
        </test-method> <!-- initPageObjects -->
        <test-method signature="testSelectAllAmenities()[pri:0, instance:com.example.tests.FiltersFormTest@3cebbb30]" started-at="2023-05-16T13:04:16 EDT" name="testSelectAllAmenities" finished-at="2023-05-16T13:04:56 EDT" duration-ms="39726" status="PASS">
          <reporter-output>
          </reporter-output>
        </test-method> <!-- testSelectAllAmenities -->
        <test-method is-config="true" signature="tearDown()[pri:0, instance:com.example.tests.FiltersFormTest@3cebbb30]" started-at="2023-05-16T13:04:56 EDT" name="tearDown" finished-at="2023-05-16T13:04:56 EDT" duration-ms="184" status="PASS">
          <reporter-output>
          </reporter-output>
        </test-method> <!-- tearDown -->
        <test-method is-config="true" signature="initWebDriver()[pri:0, instance:com.example.tests.FiltersFormTest@3cebbb30]" started-at="2023-05-16T13:04:56 EDT" name="initWebDriver" finished-at="2023-05-16T13:04:57 EDT" duration-ms="1394" status="PASS">
          <reporter-output>
          </reporter-output>
        </test-method> <!-- initWebDriver -->
        <test-method is-config="true" signature="initPageObjects()[pri:0, instance:com.example.tests.FiltersFormTest@3cebbb30]" started-at="2023-05-16T13:04:57 EDT" name="initPageObjects" finished-at="2023-05-16T13:04:57 EDT" duration-ms="17" status="PASS">
          <reporter-output>
          </reporter-output>
        </test-method> <!-- initPageObjects -->
        <test-method signature="testSelectingMaxNumberForRoomsAndBeds()[pri:0, instance:com.example.tests.FiltersFormTest@3cebbb30]" started-at="2023-05-16T13:04:57 EDT" name="testSelectingMaxNumberForRoomsAndBeds" finished-at="2023-05-16T13:05:34 EDT" duration-ms="37041" status="PASS">
          <reporter-output>
          </reporter-output>
        </test-method> <!-- testSelectingMaxNumberForRoomsAndBeds -->
        <test-method is-config="true" signature="tearDown()[pri:0, instance:com.example.tests.FiltersFormTest@3cebbb30]" started-at="2023-05-16T13:05:34 EDT" name="tearDown" finished-at="2023-05-16T13:05:34 EDT" duration-ms="196" status="PASS">
          <reporter-output>
          </reporter-output>
        </test-method> <!-- tearDown -->
        <test-method is-config="true" signature="initWebDriver()[pri:0, instance:com.example.tests.FiltersFormTest@3cebbb30]" started-at="2023-05-16T13:05:34 EDT" name="initWebDriver" finished-at="2023-05-16T13:05:36 EDT" duration-ms="1125" status="PASS">
          <reporter-output>
          </reporter-output>
        </test-method> <!-- initWebDriver -->
        <test-method is-config="true" signature="initPageObjects()[pri:0, instance:com.example.tests.FiltersFormTest@3cebbb30]" started-at="2023-05-16T13:05:36 EDT" name="initPageObjects" finished-at="2023-05-16T13:05:36 EDT" duration-ms="1" status="PASS">
          <reporter-output>
          </reporter-output>
        </test-method> <!-- initPageObjects -->
        <test-method signature="testSelectingMinNumberForRoomsAndBeds()[pri:0, instance:com.example.tests.FiltersFormTest@3cebbb30]" started-at="2023-05-16T13:05:36 EDT" name="testSelectingMinNumberForRoomsAndBeds" finished-at="2023-05-16T13:06:11 EDT" duration-ms="35800" status="PASS">
          <reporter-output>
          </reporter-output>
        </test-method> <!-- testSelectingMinNumberForRoomsAndBeds -->
        <test-method is-config="true" signature="tearDown()[pri:0, instance:com.example.tests.FiltersFormTest@3cebbb30]" started-at="2023-05-16T13:06:11 EDT" name="tearDown" finished-at="2023-05-16T13:06:12 EDT" duration-ms="167" status="PASS">
          <reporter-output>
          </reporter-output>
        </test-method> <!-- tearDown -->
      </class> <!-- com.example.tests.FiltersFormTest -->
      <class name="com.example.tests.AllListingsTest">
        <test-method is-config="true" signature="initTestSuite()[pri:0, instance:com.example.tests.AllListingsTest@5d0a1059]" started-at="2023-05-16T13:00:49 EDT" name="initTestSuite" finished-at="2023-05-16T13:00:49 EDT" duration-ms="28" status="PASS">
          <reporter-output>
          </reporter-output>
        </test-method> <!-- initTestSuite -->
        <test-method is-config="true" signature="initWebDriver()[pri:0, instance:com.example.tests.AllListingsTest@5d0a1059]" started-at="2023-05-16T13:00:49 EDT" name="initWebDriver" finished-at="2023-05-16T13:00:52 EDT" duration-ms="2973" status="PASS">
          <reporter-output>
          </reporter-output>
        </test-method> <!-- initWebDriver -->
        <test-method is-config="true" signature="initPageObjects()[pri:0, instance:com.example.tests.AllListingsTest@5d0a1059]" started-at="2023-05-16T13:00:52 EDT" name="initPageObjects" finished-at="2023-05-16T13:00:52 EDT" duration-ms="37" status="PASS">
          <reporter-output>
          </reporter-output>
        </test-method> <!-- initPageObjects -->
        <test-method signature="testTotalLoadedListEqualAllButton()[pri:0, instance:com.example.tests.AllListingsTest@5d0a1059]" started-at="2023-05-16T13:00:52 EDT" name="testTotalLoadedListEqualAllButton" finished-at="2023-05-16T13:01:26 EDT" duration-ms="33486" status="PASS">
          <reporter-output>
          </reporter-output>
        </test-method> <!-- testTotalLoadedListEqualAllButton -->
        <test-method is-config="true" signature="tearDown()[pri:0, instance:com.example.tests.AllListingsTest@5d0a1059]" started-at="2023-05-16T13:01:26 EDT" name="tearDown" finished-at="2023-05-16T13:01:26 EDT" duration-ms="188" status="PASS">
          <reporter-output>
          </reporter-output>
        </test-method> <!-- tearDown -->
      </class> <!-- com.example.tests.AllListingsTest -->
    </test> <!-- Testcases -->
  </suite> <!-- Tests -->
</testng-results>
